{"logTime": "0526/194747", "correlationVector":"hwwf9LjF30ZAr3hGhaOSdQ.1","action":"SyncServerConnectionManagerRequest", "result":"SYNC_SERVER_OK", "context":{"environment":"Prod_WestEurope_000l", "migrationStage":"MigrationComplete", "server":"GENERAL01000023"}}
{"logTime": "0526/194747", "correlationVector":"hwwf9LjF30ZAr3hGhaOSdQ","action":"Initial GetUpdates", "result":"", "context":Reason: NEW_CLIENT. cV=hwwf9LjF30ZAr3hGhaOSdQ}
{"logTime": "0526/194747", "correlationVector":"hwwf9LjF30ZAr3hGhaOSdQ.2","action":"GetUpdates Response", "result":"Success", "context":Received 1 update(s). cV=hwwf9LjF30ZAr3hGhaOSdQ.0;server=GENERAL01000023;cloudType=Consumer;environment=Prod_WestEurope_000l;migrationStage=MigrationComplete}
{"logTime": "0526/194747", "correlationVector":"PfFRbXfrvYMEmBT3CouVRm","action":"SyncServerConnectionManagerRequest", "result":"SYNC_SERVER_OK", "context":{"environment":"", "migrationStage":"", "server":""}}
{"logTime": "0526/194747", "correlationVector":"Opp0ySLTNjf02hw9Xq+f4y","action":"Initial GetUpdates", "result":"", "context":Reason: NEW_CLIENT. cV=Opp0ySLTNjf02hw9Xq+f4y}
{"logTime": "0526/194748", "correlationVector":"Opp0ySLTNjf02hw9Xq+f4y.1","action":"SyncServerConnectionManagerRequest", "result":"SYNC_SERVER_OK", "context":{"environment":"Prod_WestEurope_000l", "migrationStage":"NotStarted", "server":"general01000007"}}
{"logTime": "0526/194748", "correlationVector":"Opp0ySLTNjf02hw9Xq+f4y.2","action":"GetUpdates Response", "result":"Success", "context":Received 1 update(s). cV=Opp0ySLTNjf02hw9Xq+f4y.0;server=general01000007;cloudType=Consumer;environment=Prod_WestEurope_000l;migrationStage=NotStarted}
{"logTime": "0526/194748", "correlationVector":"FN+yX1qP0leKEeaWnPB8uW","action":"Normal GetUpdate request", "result":"", "context":cV=FN+yX1qP0leKEeaWnPB8uW
Nudged types: Device Info, User Consents
Refresh requested types: Device Info, User Consents, Send Tab To Self, Encryption Keys}
{"logTime": "0526/194748", "correlationVector":"FN+yX1qP0leKEeaWnPB8uW.1","action":"SyncServerConnectionManagerRequest", "result":"SYNC_SERVER_OK", "context":{"environment":"Prod_WestEurope_000l", "migrationStage":"NotStarted", "server":"GENERAL01000003"}}
{"logTime": "0526/194748", "correlationVector":"FN+yX1qP0leKEeaWnPB8uW.2","action":"GetUpdates Response", "result":"Success", "context":Received 0 update(s). cV=FN+yX1qP0leKEeaWnPB8uW.0;server=GENERAL01000003;cloudType=Consumer;environment=Prod_WestEurope_000l;migrationStage=NotStarted}
{"logTime": "0526/194748", "correlationVector":"Y771LNC7+bmPjeOGiuvyGb","action":"Commit Request", "result":"", "context":Item count: 2
Contributing types: Device Info, User Consents}
{"logTime": "0526/194748", "correlationVector":"Y771LNC7+bmPjeOGiuvyGb.1","action":"SyncServerConnectionManagerRequest", "result":"SYNC_SERVER_OK", "context":{"environment":"Prod_WestEurope_000l", "migrationStage":"MigrationComplete", "server":"GENERAL0100000I"}}
{"logTime": "0526/194748", "correlationVector":"Y771LNC7+bmPjeOGiuvyGb.2","action":"Commit Response", "result":"Success", "context":Result: Success. cV=Y771LNC7+bmPjeOGiuvyGb.0;server=GENERAL0100000I;cloudType=Consumer;environment=Prod_WestEurope_000l;migrationStage=MigrationComplete}
{"logTime": "0526/194748", "correlationVector":"dbYhOKoVzDxneZ9/xJjqf3","action":"Normal GetUpdate request", "result":"", "context":cV=dbYhOKoVzDxneZ9/xJjqf3
Nudged types: Device Info}
{"logTime": "0526/194748", "correlationVector":"dbYhOKoVzDxneZ9/xJjqf3.1","action":"SyncServerConnectionManagerRequest", "result":"SYNC_SERVER_OK", "context":{"environment":"Prod_WestEurope_000l", "migrationStage":"NotStarted", "server":"GENERAL01000026"}}
{"logTime": "0526/194748", "correlationVector":"dbYhOKoVzDxneZ9/xJjqf3.2","action":"GetUpdates Response", "result":"Success", "context":Received 1 update(s). cV=dbYhOKoVzDxneZ9/xJjqf3.0;server=GENERAL01000026;cloudType=Consumer;environment=Prod_WestEurope_000l;migrationStage=NotStarted}
